Concat
PORT: 28343 
IP: 127.0.0.1 
TIME 2015-10-05T16:44:17Z 
PORT: 34999 
IP: 127.0.0.1 
TIME 2015-10-05T16:45:46Z 
---------------------------
<<<<<<< HEAD
PORT: 15544 
IP: 127.0.0.1 
TIME 2015-10-05T16:48:13Z 
=======
PORT: 11467 
IP: 127.0.0.1 
TIME 2015-10-05T17:19:44Z 
REQUEST METHOD: POST 
>>>>>>> 1c9b2a9785e85cd499ffc02c9ff32a127d8801e5
---------------------------
PORT: 23499 
IP: 127.0.0.1 
TIME 2015-10-05T17:21:14Z 
REQUEST METHOD: POST 
---------------------------
PORT: 24011 
IP: 127.0.0.1 
TIME 2015-10-05T17:21:22Z 
REQUEST METHOD: GET 
---------------------------
PORT: 51085 
IP: 127.0.0.1 
TIME 2015-10-05T17:36:29Z 
REQUEST METHOD: GET 
---------------------------
PORT: 61581 
IP: 127.0.0.1 
TIME 2015-10-05T17:37:32Z 
REQUEST METHOD: GET 
---------------------------
PORT: 52688 
IP: 127.0.0.1 
TIME 2015-10-05T17:54:32Z 
REQUEST METHOD: GET 
---------------------------
PORT: 22994 
IP: 127.0.0.1 
TIME 2015-10-05T17:59:33Z 
REQUEST METHOD: GET 
---------------------------
PORT: 23506 
IP: 127.0.0.1 
TIME 2015-10-05T18:00:06Z 
REQUEST METHOD: GET 
---------------------------
PORT: 31186 
IP: 127.0.0.1 
TIME 2015-10-05T18:00:51Z 
REQUEST METHOD: GET 
---------------------------
PORT: 50898 
IP: 127.0.0.1 
TIME 2015-10-05T18:03:11Z 
REQUEST METHOD: GET 
---------------------------
PORT: 52946 
IP: 127.0.0.1 
TIME 2015-10-05T18:03:47Z 
REQUEST METHOD: GET 
---------------------------
PORT: 54482 
IP: 127.0.0.1 
TIME 2015-10-05T18:04:09Z 
REQUEST METHOD: GET 
---------------------------
<<<<<<< HEAD
PORT: 1747 
IP: 127.0.0.1 
TIME 2015-10-05T18:06:35Z 
REQUEST METHOD: GET 
---------------------------
PORT: 17107 
IP: 127.0.0.1 
TIME 2015-10-05T18:08:03Z 
REQUEST METHOD: GET 
---------------------------
PORT: 43219 
IP: 127.0.0.1 
TIME 2015-10-05T18:11:51Z 
REQUEST METHOD: GET 
---------------------------
PORT: 61907 
IP: 127.0.0.1 
TIME 2015-10-05T18:13:16Z 
REQUEST METHOD: GET 
---------------------------
PORT: 468 
IP: 127.0.0.1 
TIME 2015-10-05T18:14:11Z 
REQUEST METHOD: GET 
---------------------------
PORT: 3028 
IP: 127.0.0.1 
TIME 2015-10-05T18:15:16Z 
REQUEST METHOD: GET 
---------------------------
PORT: 13268 
IP: 127.0.0.1 
TIME 2015-10-05T18:16:52Z 
REQUEST METHOD: GET 
---------------------------
PORT: 15828 
IP: 127.0.0.1 
TIME 2015-10-05T18:17:47Z 
REQUEST METHOD: GET 
=======
PORT: 28099 
IP: 127.0.0.1 
TIME 2015-10-05T18:06:42Z 
REQUEST METHOD: GET 
---------------------------
PORT: 43971 
IP: 127.0.0.1 
TIME 2015-10-05T18:08:18Z 
REQUEST METHOD: HEAD 
---------------------------
PORT: 46019 
IP: 127.0.0.1 
TIME 2015-10-05T18:08:27Z 
REQUEST METHOD: HEAD 
>>>>>>> 46c691b9e791321885e14e83dcef825c3a7c2b29
---------------------------
